# JRE version: Java(TM) SE Runtime Environment (8.0_171-b11) (build 1.8.0_171-b11)
# Java VM: Java HotSpot(TM) 64-Bit Server VM (25.171-b11 mixed mode linux-amd64 compressed oops)
Heap:
 PSYoungGen      total 36864K, used 1270K [0x00000000d6f00000, 0x00000000d9800000, 0x0000000100000000)
  eden space 31744K, 4% used [0x00000000d6f00000,0x00000000d703d950,0x00000000d8e00000)
  from space 5120K, 0% used [0x00000000d9300000,0x00000000d9300000,0x00000000d9800000)
  to   space 5120K, 0% used [0x00000000d8e00000,0x00000000d8e00000,0x00000000d9300000)
 ParOldGen       total 84992K, used 1060K [0x0000000084c00000, 0x0000000089f00000, 0x00000000d6f00000)
  object space 84992K, 1% used [0x0000000084c00000,0x0000000084d09370,0x0000000089f00000)
 Metaspace       used 7199K, capacity 7284K, committed 7552K, reserved 1056768K
  class space    used 763K, capacity 816K, committed 896K, reserved 1048576K
GC Heap History (8 events):
Event: 1,645 GC heap before
{Heap before GC invocations=1 (full 0):
 PSYoungGen      total 36864K, used 11523K [0x00000000d6f00000, 0x00000000d9800000, 0x0000000100000000)
  eden space 31744K, 36% used [0x00000000d6f00000,0x00000000d7a40cb8,0x00000000d8e00000)
  from space 5120K, 0% used [0x00000000d9300000,0x00000000d9300000,0x00000000d9800000)
  to   space 5120K, 0% used [0x00000000d8e00000,0x00000000d8e00000,0x00000000d9300000)
 ParOldGen       total 84992K, used 0K [0x0000000084c00000, 0x0000000089f00000, 0x00000000d6f00000)
  object space 84992K, 0% used [0x0000000084c00000,0x0000000084c00000,0x0000000089f00000)
 Metaspace       used 7146K, capacity 7252K, committed 7552K, reserved 1056768K
  class space    used 756K, capacity 784K, committed 896K, reserved 1048576K
Event: 1,648 GC heap after
Heap after GC invocations=1 (full 0):
 PSYoungGen      total 36864K, used 3023K [0x00000000d6f00000, 0x00000000d9800000, 0x0000000100000000)
  eden space 31744K, 0% used [0x00000000d6f00000,0x00000000d6f00000,0x00000000d8e00000)
  from space 5120K, 59% used [0x00000000d8e00000,0x00000000d90f3c00,0x00000000d9300000)
  to   space 5120K, 0% used [0x00000000d9300000,0x00000000d9300000,0x00000000d9800000)
 ParOldGen       total 84992K, used 72K [0x0000000084c00000, 0x0000000089f00000, 0x00000000d6f00000)
  object space 84992K, 0% used [0x0000000084c00000,0x0000000084c12010,0x0000000089f00000)
 Metaspace       used 7146K, capacity 7252K, committed 7552K, reserved 1056768K
  class space    used 756K, capacity 784K, committed 896K, reserved 1048576K
}
Event: 1,648 GC heap before
{Heap before GC invocations=2 (full 1):
 PSYoungGen      total 36864K, used 3023K [0x00000000d6f00000, 0x00000000d9800000, 0x0000000100000000)
  eden space 31744K, 0% used [0x00000000d6f00000,0x00000000d6f00000,0x00000000d8e00000)
  from space 5120K, 59% used [0x00000000d8e00000,0x00000000d90f3c00,0x00000000d9300000)
  to   space 5120K, 0% used [0x00000000d9300000,0x00000000d9300000,0x00000000d9800000)
 ParOldGen       total 84992K, used 72K [0x0000000084c00000, 0x0000000089f00000, 0x00000000d6f00000)
  object space 84992K, 0% used [0x0000000084c00000,0x0000000084c12010,0x0000000089f00000)
 Metaspace       used 7146K, capacity 7252K, committed 7552K, reserved 1056768K
  class space    used 756K, capacity 784K, committed 896K, reserved 1048576K
Event: 1,657 GC heap after
Heap after GC invocations=2 (full 1):
 PSYoungGen      total 36864K, used 0K [0x00000000d6f00000, 0x00000000d9800000, 0x0000000100000000)
  eden space 31744K, 0% used [0x00000000d6f00000,0x00000000d6f00000,0x00000000d8e00000)
  from space 5120K, 0% used [0x00000000d8e00000,0x00000000d8e00000,0x00000000d9300000)
  to   space 5120K, 0% used [0x00000000d9300000,0x00000000d9300000,0x00000000d9800000)
 ParOldGen       total 84992K, used 2813K [0x0000000084c00000, 0x0000000089f00000, 0x00000000d6f00000)
  object space 84992K, 3% used [0x0000000084c00000,0x0000000084ebf458,0x0000000089f00000)
 Metaspace       used 7146K, capacity 7252K, committed 7552K, reserved 1056768K
  class space    used 756K, capacity 784K, committed 896K, reserved 1048576K
}
Event: 1,662 GC heap before
{Heap before GC invocations=3 (full 1):
 PSYoungGen      total 36864K, used 2116K [0x00000000d6f00000, 0x00000000d9800000, 0x0000000100000000)
  eden space 31744K, 6% used [0x00000000d6f00000,0x00000000d71111b0,0x00000000d8e00000)
  from space 5120K, 0% used [0x00000000d8e00000,0x00000000d8e00000,0x00000000d9300000)
  to   space 5120K, 0% used [0x00000000d9300000,0x00000000d9300000,0x00000000d9800000)
 ParOldGen       total 84992K, used 2813K [0x0000000084c00000, 0x0000000089f00000, 0x00000000d6f00000)
  object space 84992K, 3% used [0x0000000084c00000,0x0000000084ebf458,0x0000000089f00000)
 Metaspace       used 7199K, capacity 7284K, committed 7552K, reserved 1056768K
  class space    used 763K, capacity 816K, committed 896K, reserved 1048576K
Event: 1,663 GC heap after
Heap after GC invocations=3 (full 1):
 PSYoungGen      total 36864K, used 128K [0x00000000d6f00000, 0x00000000d9800000, 0x0000000100000000)
  eden space 31744K, 0% used [0x00000000d6f00000,0x00000000d6f00000,0x00000000d8e00000)
  from space 5120K, 2% used [0x00000000d9300000,0x00000000d9320000,0x00000000d9800000)
  to   space 5120K, 0% used [0x00000000d8e00000,0x00000000d8e00000,0x00000000d9300000)
 ParOldGen       total 84992K, used 2813K [0x0000000084c00000, 0x0000000089f00000, 0x00000000d6f00000)
  object space 84992K, 3% used [0x0000000084c00000,0x0000000084ebf458,0x0000000089f00000)
 Metaspace       used 7199K, capacity 7284K, committed 7552K, reserved 1056768K
  class space    used 763K, capacity 816K, committed 896K, reserved 1048576K
}
Event: 1,663 GC heap before
{Heap before GC invocations=4 (full 2):
 PSYoungGen      total 36864K, used 128K [0x00000000d6f00000, 0x00000000d9800000, 0x0000000100000000)
  eden space 31744K, 0% used [0x00000000d6f00000,0x00000000d6f00000,0x00000000d8e00000)
  from space 5120K, 2% used [0x00000000d9300000,0x00000000d9320000,0x00000000d9800000)
  to   space 5120K, 0% used [0x00000000d8e00000,0x00000000d8e00000,0x00000000d9300000)
 ParOldGen       total 84992K, used 2813K [0x0000000084c00000, 0x0000000089f00000, 0x00000000d6f00000)
  object space 84992K, 3% used [0x0000000084c00000,0x0000000084ebf458,0x0000000089f00000)
 Metaspace       used 7199K, capacity 7284K, committed 7552K, reserved 1056768K
  class space    used 763K, capacity 816K, committed 896K, reserved 1048576K
Event: 1,675 GC heap after
Heap after GC invocations=4 (full 2):
 PSYoungGen      total 36864K, used 0K [0x00000000d6f00000, 0x00000000d9800000, 0x0000000100000000)
  eden space 31744K, 0% used [0x00000000d6f00000,0x00000000d6f00000,0x00000000d8e00000)
  from space 5120K, 0% used [0x00000000d9300000,0x00000000d9300000,0x00000000d9800000)
  to   space 5120K, 0% used [0x00000000d8e00000,0x00000000d8e00000,0x00000000d9300000)
 ParOldGen       total 84992K, used 1060K [0x0000000084c00000, 0x0000000089f00000, 0x00000000d6f00000)
  object space 84992K, 1% used [0x0000000084c00000,0x0000000084d09370,0x0000000089f00000)
 Metaspace       used 7199K, capacity 7284K, committed 7552K, reserved 1056768K
  class space    used 763K, capacity 816K, committed 896K, reserved 1048576K
}

